2021-02-08 02:26:02 [scrapy] DEBUG: Crawled (200) <GET https://www.netbet.fr/robots.txt> (referer: None)
2021-02-08 02:26:03 [scrapy] DEBUG: Crawled (200) <GET https://www.netbet.fr/football/angleterre/premier-league?tab=matchs> (referer: None)
2021-02-08 02:26:03 [scrapy] DEBUG: Scraped from <200 https://www.netbet.fr/football/angleterre/premier-league?tab=matchs>
{'championnat': 'Première League',
 'cote': '1,85',
 'cote2': '3,95',
 'cote3': '3,85',
 'date_jour': '02-08-2021',
 'date_match': '02-08-2021',
 'equipe1': 'Leeds United',
 'equipe2': 'Crystal Palace',
 'site': 'netbet'}
2021-02-08 02:26:03 [scrapy] DEBUG: Scraped from <200 https://www.netbet.fr/football/angleterre/premier-league?tab=matchs>
{'championnat': 'Première League',
 'cote': '3,50',
 'cote2': '2,07',
 'cote3': '3,60',
 'date_jour': '02-08-2021',
 'date_match': '13-02-2021',
 'equipe1': 'Leicester',
 'equipe2': 'Liverpool',
 'site': 'netbet'}
2021-02-08 02:26:03 [scrapy] DEBUG: Scraped from <200 https://www.netbet.fr/football/angleterre/premier-league?tab=matchs>
{'championnat': 'Première League',
 'cote': '2,27',
 'cote2': '3,25',
 'cote3': '3,25',
 'date_jour': '02-08-2021',
 'date_match': '13-02-2021',
 'equipe1': 'Crystal Palace',
 'equipe2': 'Burnley FC',
 'site': 'netbet'}
2021-02-08 02:26:03 [scrapy] DEBUG: Scraped from <200 https://www.netbet.fr/football/angleterre/premier-league?tab=matchs>
{'championnat': 'Première League',
 'cote': '1,32',
 'cote2': '9,00',
 'cote3': '5,40',
 'date_jour': '02-08-2021',
 'date_match': '13-02-2021',
 'equipe1': 'Manchester City',
 'equipe2': 'Tottenham',
 'site': 'netbet'}
2021-02-08 02:26:03 [scrapy] DEBUG: Scraped from <200 https://www.netbet.fr/football/angleterre/premier-league?tab=matchs>
{'championnat': 'Première League',
 'cote': '2,60',
 'cote2': '2,67',
 'cote3': '3,40',
 'date_jour': '02-08-2021',
 'date_match': '13-02-2021',
 'equipe1': 'Brighton',
 'equipe2': 'Aston Villa',
 'site': 'netbet'}
2021-02-08 02:26:03 [scrapy] DEBUG: Scraped from <200 https://www.netbet.fr/football/angleterre/premier-league?tab=matchs>
{'championnat': 'Première League',
 'cote': '2,42',
 'cote2': '3,05',
 'cote3': '3,20',
 'date_jour': '02-08-2021',
 'date_match': '14-02-2021',
 'equipe1': 'Southampton',
 'equipe2': 'Wolverhampton',
 'site': 'netbet'}
2021-02-08 02:26:03 [scrapy] DEBUG: Scraped from <200 https://www.netbet.fr/football/angleterre/premier-league?tab=matchs>
{'championnat': 'Première League',
 'cote': '9,00',
 'cote2': '1,31',
 'cote3': '5,60',
 'date_jour': '02-08-2021',
 'date_match': '14-02-2021',
 'equipe1': 'West Bromwich',
 'equipe2': 'Manchester United',
 'site': 'netbet'}
2021-02-08 02:26:03 [scrapy] DEBUG: Scraped from <200 https://www.netbet.fr/football/angleterre/premier-league?tab=matchs>
{'championnat': 'Première League',
 'cote': '1,80',
 'cote2': '4,10',
 'cote3': '3,95',
 'date_jour': '02-08-2021',
 'date_match': '14-02-2021',
 'equipe1': 'Arsenal',
 'equipe2': 'Leeds United',
 'site': 'netbet'}
2021-02-08 02:26:03 [scrapy] DEBUG: Scraped from <200 https://www.netbet.fr/football/angleterre/premier-league?tab=matchs>
{'championnat': 'Première League',
 'cote': '1,78',
 'cote2': '4,40',
 'cote3': '3,75',
 'date_jour': '02-08-2021',
 'date_match': '14-02-2021',
 'equipe1': 'Everton',
 'equipe2': 'Fulham',
 'site': 'netbet'}
2021-02-08 02:26:03 [scrapy] DEBUG: Scraped from <200 https://www.netbet.fr/football/angleterre/premier-league?tab=matchs>
{'championnat': 'Première League',
 'cote': '1,73',
 'cote2': '4,80',
 'cote3': '3,75',
 'date_jour': '02-08-2021',
 'date_match': '15-02-2021',
 'equipe1': 'West Ham',
 'equipe2': 'Sheffield United',
 'site': 'netbet'}
2021-02-08 02:26:03 [scrapy] DEBUG: Scraped from <200 https://www.netbet.fr/football/angleterre/premier-league?tab=matchs>
{'championnat': 'Première League',
 'cote': '1,24',
 'cote2': '12,00',
 'cote3': '6,10',
 'date_jour': '02-08-2021',
 'date_match': '15-02-2021',
 'equipe1': 'Chelsea',
 'equipe2': 'Newcastle',
 'site': 'netbet'}
2021-02-08 02:26:03 [scrapy] INFO: Closing spider (finished)
2021-02-08 02:26:03 [scrapy] INFO: Dumping Scrapy stats:
{'downloader/request_bytes': 543,
 'downloader/request_count': 2,
 'downloader/request_method_count/GET': 2,
 'downloader/response_bytes': 25733,
 'downloader/response_count': 2,
 'downloader/response_status_count/200': 2,
 'elapsed_time_seconds': 1.000457,
 'finish_reason': 'finished',
 'finish_time': datetime.datetime(2021, 2, 8, 2, 26, 3, 877772),
 'item_scraped_count': 11,
 'log_count/DEBUG': 13,
 'log_count/INFO': 7,
 'memusage/max': 71745536,
 'memusage/startup': 71745536,
 'response_received_count': 2,
 'robotstxt/request_count': 1,
 'robotstxt/response_count': 1,
 'robotstxt/response_status_count/200': 1,
 'scheduler/dequeued': 1,
 'scheduler/dequeued/memory': 1,
 'scheduler/enqueued': 1,
 'scheduler/enqueued/memory': 1,
 'start_time': datetime.datetime(2021, 2, 8, 2, 26, 2, 877315)}
2021-02-08 02:26:03 [scrapy] INFO: Spider closed (finished)
