2021-02-06 20:50:48 [scrapy] DEBUG: Crawled (200) <GET https://www.netbet.fr/robots.txt> (referer: None)
2021-02-06 20:50:48 [scrapy] DEBUG: Crawled (200) <GET https://www.netbet.fr/football/angleterre/premier-league> (referer: None)
2021-02-06 20:50:48 [scrapy] DEBUG: Scraped from <200 https://www.netbet.fr/football/angleterre/premier-league>
{'championnat': 'première league',
 'cote': '1.00',
 'cote2': '1.00',
 'cote3': '1.00',
 'date_jour': '02-06-2021',
 'date_match': None,
 'equipe1': 'Manchester United',
 'equipe2': 'Everton',
 'site': 'netbet'}
2021-02-06 20:50:48 [scrapy] DEBUG: Scraped from <200 https://www.netbet.fr/football/angleterre/premier-league>
{'championnat': 'première league',
 'cote': '1,45',
 'cote2': '7,25',
 'cote3': '4,30',
 'date_jour': '02-06-2021',
 'date_match': '07/02',
 'equipe1': 'Tottenham',
 'equipe2': 'West Bromwich',
 'site': 'netbet'}
2021-02-06 20:50:48 [scrapy] DEBUG: Scraped from <200 https://www.netbet.fr/football/angleterre/premier-league>
{'championnat': 'première league',
 'cote': '3,55',
 'cote2': '2,12',
 'cote3': '3,30',
 'date_jour': '02-06-2021',
 'date_match': '07/02',
 'equipe1': 'Wolverhampton',
 'equipe2': 'Leicester',
 'site': 'netbet'}
2021-02-06 20:50:48 [scrapy] DEBUG: Scraped from <200 https://www.netbet.fr/football/angleterre/premier-league>
{'championnat': 'première league',
 'cote': '3,50',
 'cote2': '2,07',
 'cote3': '3,55',
 'date_jour': '02-06-2021',
 'date_match': '07/02',
 'equipe1': 'Liverpool',
 'equipe2': 'Manchester City',
 'site': 'netbet'}
2021-02-06 20:50:48 [scrapy] DEBUG: Scraped from <200 https://www.netbet.fr/football/angleterre/premier-league>
{'championnat': 'première league',
 'cote': '7,00',
 'cote2': '1,47',
 'cote3': '4,40',
 'date_jour': '02-06-2021',
 'date_match': '07/02',
 'equipe1': 'Sheffield United',
 'equipe2': 'Chelsea',
 'site': 'netbet'}
2021-02-06 20:50:48 [scrapy] DEBUG: Scraped from <200 https://www.netbet.fr/football/angleterre/premier-league>
{'championnat': 'première league',
 'cote': '1,81',
 'cote2': '4,10',
 'cote3': '3,90',
 'date_jour': '02-06-2021',
 'date_match': '08/02',
 'equipe1': 'Leeds United',
 'equipe2': 'Crystal Palace',
 'site': 'netbet'}
2021-02-06 20:50:48 [scrapy] DEBUG: Scraped from <200 https://www.netbet.fr/football/angleterre/premier-league>
{'championnat': 'première league',
 'cote': '3,50',
 'cote2': '2,07',
 'cote3': '3,55',
 'date_jour': '02-06-2021',
 'date_match': '13/02',
 'equipe1': 'Leicester',
 'equipe2': 'Liverpool',
 'site': 'netbet'}
2021-02-06 20:50:48 [scrapy] DEBUG: Scraped from <200 https://www.netbet.fr/football/angleterre/premier-league>
{'championnat': 'première league',
 'cote': '2,25',
 'cote2': '3,25',
 'cote3': '3,25',
 'date_jour': '02-06-2021',
 'date_match': '13/02',
 'equipe1': 'Crystal Palace',
 'equipe2': 'Burnley FC',
 'site': 'netbet'}
2021-02-06 20:50:48 [scrapy] DEBUG: Scraped from <200 https://www.netbet.fr/football/angleterre/premier-league>
{'championnat': 'première league',
 'cote': '1,33',
 'cote2': '9,00',
 'cote3': '5,30',
 'date_jour': '02-06-2021',
 'date_match': '13/02',
 'equipe1': 'Manchester City',
 'equipe2': 'Tottenham',
 'site': 'netbet'}
2021-02-06 20:50:48 [scrapy] DEBUG: Scraped from <200 https://www.netbet.fr/football/angleterre/premier-league>
{'championnat': 'première league',
 'cote': '2,60',
 'cote2': '2,67',
 'cote3': '3,40',
 'date_jour': '02-06-2021',
 'date_match': '13/02',
 'equipe1': 'Brighton',
 'equipe2': 'Aston Villa',
 'site': 'netbet'}
2021-02-06 20:50:48 [scrapy] DEBUG: Scraped from <200 https://www.netbet.fr/football/angleterre/premier-league>
{'championnat': 'première league',
 'cote': '2,45',
 'cote2': '2,95',
 'cote3': '3,25',
 'date_jour': '02-06-2021',
 'date_match': '14/02',
 'equipe1': 'Southampton',
 'equipe2': 'Wolverhampton',
 'site': 'netbet'}
2021-02-06 20:50:48 [scrapy] DEBUG: Scraped from <200 https://www.netbet.fr/football/angleterre/premier-league>
{'championnat': 'première league',
 'cote': '8,25',
 'cote2': '1,34',
 'cote3': '5,40',
 'date_jour': '02-06-2021',
 'date_match': '14/02',
 'equipe1': 'West Bromwich',
 'equipe2': 'Manchester United',
 'site': 'netbet'}
2021-02-06 20:50:48 [scrapy] DEBUG: Scraped from <200 https://www.netbet.fr/football/angleterre/premier-league>
{'championnat': 'première league',
 'cote': '1,78',
 'cote2': '4,20',
 'cote3': '3,95',
 'date_jour': '02-06-2021',
 'date_match': '14/02',
 'equipe1': 'Arsenal',
 'equipe2': 'Leeds United',
 'site': 'netbet'}
2021-02-06 20:50:48 [scrapy] DEBUG: Scraped from <200 https://www.netbet.fr/football/angleterre/premier-league>
{'championnat': 'première league',
 'cote': '1,73',
 'cote2': '4,60',
 'cote3': '3,80',
 'date_jour': '02-06-2021',
 'date_match': '14/02',
 'equipe1': 'Everton',
 'equipe2': 'Fulham',
 'site': 'netbet'}
2021-02-06 20:50:48 [scrapy] DEBUG: Scraped from <200 https://www.netbet.fr/football/angleterre/premier-league>
{'championnat': 'première league',
 'cote': '1,85',
 'cote2': '4,40',
 'cote3': '3,55',
 'date_jour': '02-06-2021',
 'date_match': '15/02',
 'equipe1': 'West Ham',
 'equipe2': 'Sheffield United',
 'site': 'netbet'}
2021-02-06 20:50:48 [scrapy] DEBUG: Scraped from <200 https://www.netbet.fr/football/angleterre/premier-league>
{'championnat': 'première league',
 'cote': '1,25',
 'cote2': '11,50',
 'cote3': '6,10',
 'date_jour': '02-06-2021',
 'date_match': '15/02',
 'equipe1': 'Chelsea',
 'equipe2': 'Newcastle',
 'site': 'netbet'}
2021-02-06 20:50:48 [scrapy] INFO: Closing spider (finished)
2021-02-06 20:50:48 [scrapy] INFO: Dumping Scrapy stats:
{'downloader/request_bytes': 532,
 'downloader/request_count': 2,
 'downloader/request_method_count/GET': 2,
 'downloader/response_bytes': 25380,
 'downloader/response_count': 2,
 'downloader/response_status_count/200': 2,
 'elapsed_time_seconds': 0.550603,
 'finish_reason': 'finished',
 'finish_time': datetime.datetime(2021, 2, 6, 20, 50, 48, 908754),
 'item_scraped_count': 16,
 'log_count/DEBUG': 18,
 'log_count/INFO': 7,
 'memusage/max': 66719744,
 'memusage/startup': 66719744,
 'response_received_count': 2,
 'robotstxt/request_count': 1,
 'robotstxt/response_count': 1,
 'robotstxt/response_status_count/200': 1,
 'scheduler/dequeued': 1,
 'scheduler/dequeued/memory': 1,
 'scheduler/enqueued': 1,
 'scheduler/enqueued/memory': 1,
 'start_time': datetime.datetime(2021, 2, 6, 20, 50, 48, 358151)}
2021-02-06 20:50:48 [scrapy] INFO: Spider closed (finished)
