2021-02-06 13:02:03 [scrapy] DEBUG: Crawled (200) <GET https://www.netbet.fr/robots.txt> (referer: None)
2021-02-06 13:02:04 [scrapy] DEBUG: Crawled (200) <GET https://www.netbet.fr/football/angleterre/premier-league> (referer: None)
2021-02-06 13:02:04 [scrapy] DEBUG: Scraped from <200 https://www.netbet.fr/football/angleterre/premier-league>
{'cote': '1,53',
 'cote2': '4,00',
 'cote3': '3,20',
 'equipe1': 'Aston Villa',
 'equipe2': 'Arsenal',
 'site': 'netbet'}
2021-02-06 13:02:04 [scrapy] DEBUG: Scraped from <200 https://www.netbet.fr/football/angleterre/premier-league>
{'cote': '3,05',
 'cote2': '2,32',
 'cote3': '3,40',
 'equipe1': 'Newcastle',
 'equipe2': 'Southampton',
 'site': 'netbet'}
2021-02-06 13:02:04 [scrapy] DEBUG: Scraped from <200 https://www.netbet.fr/football/angleterre/premier-league>
{'cote': '4,20',
 'cote2': '1,97',
 'cote3': '3,25',
 'equipe1': 'Burnley FC',
 'equipe2': 'Brighton',
 'site': 'netbet'}
2021-02-06 13:02:04 [scrapy] DEBUG: Scraped from <200 https://www.netbet.fr/football/angleterre/premier-league>
{'cote': '3,85',
 'cote2': '1,99',
 'cote3': '3,45',
 'equipe1': 'Fulham',
 'equipe2': 'West Ham',
 'site': 'netbet'}
2021-02-06 13:02:04 [scrapy] DEBUG: Scraped from <200 https://www.netbet.fr/football/angleterre/premier-league>
{'cote': '1,57',
 'cote2': '6,00',
 'cote3': '4,30',
 'equipe1': 'Manchester United',
 'equipe2': 'Everton',
 'site': 'netbet'}
2021-02-06 13:02:04 [scrapy] DEBUG: Scraped from <200 https://www.netbet.fr/football/angleterre/premier-league>
{'cote': '1,45',
 'cote2': '7,25',
 'cote3': '4,30',
 'equipe1': 'Tottenham',
 'equipe2': 'West Bromwich',
 'site': 'netbet'}
2021-02-06 13:02:04 [scrapy] DEBUG: Scraped from <200 https://www.netbet.fr/football/angleterre/premier-league>
{'cote': '3,55',
 'cote2': '2,12',
 'cote3': '3,30',
 'equipe1': 'Wolverhampton',
 'equipe2': 'Leicester',
 'site': 'netbet'}
2021-02-06 13:02:04 [scrapy] DEBUG: Scraped from <200 https://www.netbet.fr/football/angleterre/premier-league>
{'cote': '3,50',
 'cote2': '2,05',
 'cote3': '3,55',
 'equipe1': 'Liverpool',
 'equipe2': 'Manchester City',
 'site': 'netbet'}
2021-02-06 13:02:04 [scrapy] DEBUG: Scraped from <200 https://www.netbet.fr/football/angleterre/premier-league>
{'cote': '7,00',
 'cote2': '1,45',
 'cote3': '4,40',
 'equipe1': 'Sheffield United',
 'equipe2': 'Chelsea',
 'site': 'netbet'}
2021-02-06 13:02:04 [scrapy] DEBUG: Scraped from <200 https://www.netbet.fr/football/angleterre/premier-league>
{'cote': '1,80',
 'cote2': '4,20',
 'cote3': '3,90',
 'equipe1': 'Leeds United',
 'equipe2': 'Crystal Palace',
 'site': 'netbet'}
2021-02-06 13:02:04 [scrapy] DEBUG: Scraped from <200 https://www.netbet.fr/football/angleterre/premier-league>
{'cote': '3,40',
 'cote2': '2,12',
 'cote3': '3,45',
 'equipe1': 'Leicester',
 'equipe2': 'Liverpool',
 'site': 'netbet'}
2021-02-06 13:02:04 [scrapy] DEBUG: Scraped from <200 https://www.netbet.fr/football/angleterre/premier-league>
{'cote': '2,25',
 'cote2': '3,25',
 'cote3': '3,25',
 'equipe1': 'Crystal Palace',
 'equipe2': 'Burnley FC',
 'site': 'netbet'}
2021-02-06 13:02:04 [scrapy] DEBUG: Scraped from <200 https://www.netbet.fr/football/angleterre/premier-league>
{'cote': '1,34',
 'cote2': '8,75',
 'cote3': '5,30',
 'equipe1': 'Manchester City',
 'equipe2': 'Tottenham',
 'site': 'netbet'}
2021-02-06 13:02:04 [scrapy] DEBUG: Scraped from <200 https://www.netbet.fr/football/angleterre/premier-league>
{'cote': '2,52',
 'cote2': '2,75',
 'cote3': '3,40',
 'equipe1': 'Brighton',
 'equipe2': 'Aston Villa',
 'site': 'netbet'}
2021-02-06 13:02:04 [scrapy] DEBUG: Scraped from <200 https://www.netbet.fr/football/angleterre/premier-league>
{'cote': '2,30',
 'cote2': '3,15',
 'cote3': '3,30',
 'equipe1': 'Southampton',
 'equipe2': 'Wolverhampton',
 'site': 'netbet'}
2021-02-06 13:02:04 [scrapy] DEBUG: Scraped from <200 https://www.netbet.fr/football/angleterre/premier-league>
{'cote': '8,25',
 'cote2': '1,33',
 'cote3': '5,30',
 'equipe1': 'West Bromwich',
 'equipe2': 'Manchester United',
 'site': 'netbet'}
2021-02-06 13:02:04 [scrapy] DEBUG: Scraped from <200 https://www.netbet.fr/football/angleterre/premier-league>
{'cote': '1,75',
 'cote2': '4,30',
 'cote3': '4,00',
 'equipe1': 'Arsenal',
 'equipe2': 'Leeds United',
 'site': 'netbet'}
2021-02-06 13:02:04 [scrapy] DEBUG: Scraped from <200 https://www.netbet.fr/football/angleterre/premier-league>
{'cote': '1,68',
 'cote2': '4,80',
 'cote3': '3,85',
 'equipe1': 'Everton',
 'equipe2': 'Fulham',
 'site': 'netbet'}
2021-02-06 13:02:04 [scrapy] DEBUG: Scraped from <200 https://www.netbet.fr/football/angleterre/premier-league>
{'cote': '1,68',
 'cote2': '5,00',
 'cote3': '3,80',
 'equipe1': 'West Ham',
 'equipe2': 'Sheffield United',
 'site': 'netbet'}
2021-02-06 13:02:04 [scrapy] DEBUG: Scraped from <200 https://www.netbet.fr/football/angleterre/premier-league>
{'cote': '1,29',
 'cote2': '10,00',
 'cote3': '5,70',
 'equipe1': 'Chelsea',
 'equipe2': 'Newcastle',
 'site': 'netbet'}
2021-02-06 13:02:04 [scrapy] INFO: Closing spider (finished)
2021-02-06 13:02:04 [scrapy] INFO: Dumping Scrapy stats:
{'downloader/request_bytes': 532,
 'downloader/request_count': 2,
 'downloader/request_method_count/GET': 2,
 'downloader/response_bytes': 26844,
 'downloader/response_count': 2,
 'downloader/response_status_count/200': 2,
 'elapsed_time_seconds': 0.488582,
 'finish_reason': 'finished',
 'finish_time': datetime.datetime(2021, 2, 6, 13, 2, 4, 309202),
 'item_scraped_count': 20,
 'log_count/DEBUG': 22,
 'log_count/INFO': 7,
 'memusage/max': 70225920,
 'memusage/startup': 70225920,
 'response_received_count': 2,
 'robotstxt/request_count': 1,
 'robotstxt/response_count': 1,
 'robotstxt/response_status_count/200': 1,
 'scheduler/dequeued': 1,
 'scheduler/dequeued/memory': 1,
 'scheduler/enqueued': 1,
 'scheduler/enqueued/memory': 1,
 'start_time': datetime.datetime(2021, 2, 6, 13, 2, 3, 820620)}
2021-02-06 13:02:04 [scrapy] INFO: Spider closed (finished)
