2021-02-06 10:42:19 [scrapy] DEBUG: Crawled (200) <GET https://www.netbet.fr/robots.txt> (referer: None)
2021-02-06 10:42:20 [scrapy] DEBUG: Crawled (200) <GET https://www.netbet.fr/football/angleterre/premier-league> (referer: None)
2021-02-06 10:42:20 [scrapy] DEBUG: Scraped from <200 https://www.netbet.fr/football/angleterre/premier-league>
{'site': 'netbet', 'cote': '2,80', 'cote2': '2,52', 'cote3': '3,55', 'equipe1': 'Aston Villa', 'equipe2': 'Arsenal'}
2021-02-06 10:42:20 [scrapy] DEBUG: Scraped from <200 https://www.netbet.fr/football/angleterre/premier-league>
{'site': 'netbet', 'cote': '3,05', 'cote2': '2,32', 'cote3': '3,40', 'equipe1': 'Newcastle', 'equipe2': 'Southampton'}
2021-02-06 10:42:20 [scrapy] DEBUG: Scraped from <200 https://www.netbet.fr/football/angleterre/premier-league>
{'site': 'netbet', 'cote': '3,90', 'cote2': '2,07', 'cote3': '3,15', 'equipe1': 'Burnley FC', 'equipe2': 'Brighton'}
2021-02-06 10:42:20 [scrapy] DEBUG: Scraped from <200 https://www.netbet.fr/football/angleterre/premier-league>
{'site': 'netbet', 'cote': '3,80', 'cote2': '2,02', 'cote3': '3,40', 'equipe1': 'Fulham', 'equipe2': 'West Ham'}
2021-02-06 10:42:20 [scrapy] DEBUG: Scraped from <200 https://www.netbet.fr/football/angleterre/premier-league>
{'site': 'netbet', 'cote': '1,57', 'cote2': '6,00', 'cote3': '4,30', 'equipe1': 'Manchester United', 'equipe2': 'Everton'}
2021-02-06 10:42:20 [scrapy] DEBUG: Scraped from <200 https://www.netbet.fr/football/angleterre/premier-league>
{'site': 'netbet', 'cote': '1,45', 'cote2': '7,25', 'cote3': '4,30', 'equipe1': 'Tottenham', 'equipe2': 'West Bromwich'}
2021-02-06 10:42:20 [scrapy] DEBUG: Scraped from <200 https://www.netbet.fr/football/angleterre/premier-league>
{'site': 'netbet', 'cote': '3,45', 'cote2': '2,17', 'cote3': '3,35', 'equipe1': 'Wolverhampton', 'equipe2': 'Leicester'}
2021-02-06 10:42:20 [scrapy] DEBUG: Scraped from <200 https://www.netbet.fr/football/angleterre/premier-league>
{'site': 'netbet', 'cote': '3,45', 'cote2': '2,05', 'cote3': '3,60', 'equipe1': 'Liverpool', 'equipe2': 'Manchester City'}
2021-02-06 10:42:20 [scrapy] DEBUG: Scraped from <200 https://www.netbet.fr/football/angleterre/premier-league>
{'site': 'netbet', 'cote': '7,00', 'cote2': '1,45', 'cote3': '4,40', 'equipe1': 'Sheffield United', 'equipe2': 'Chelsea'}
2021-02-06 10:42:20 [scrapy] DEBUG: Scraped from <200 https://www.netbet.fr/football/angleterre/premier-league>
{'site': 'netbet', 'cote': '1,80', 'cote2': '4,10', 'cote3': '3,95', 'equipe1': 'Leeds United', 'equipe2': 'Crystal Palace'}
2021-02-06 10:42:20 [scrapy] DEBUG: Scraped from <200 https://www.netbet.fr/football/angleterre/premier-league>
{'site': 'netbet', 'cote': '3,40', 'cote2': '2,12', 'cote3': '3,45', 'equipe1': 'Leicester', 'equipe2': 'Liverpool'}
2021-02-06 10:42:20 [scrapy] DEBUG: Scraped from <200 https://www.netbet.fr/football/angleterre/premier-league>
{'site': 'netbet', 'cote': '2,25', 'cote2': '3,25', 'cote3': '3,25', 'equipe1': 'Crystal Palace', 'equipe2': 'Burnley FC'}
2021-02-06 10:42:20 [scrapy] DEBUG: Scraped from <200 https://www.netbet.fr/football/angleterre/premier-league>
{'site': 'netbet', 'cote': '1,34', 'cote2': '8,75', 'cote3': '5,30', 'equipe1': 'Manchester City', 'equipe2': 'Tottenham'}
2021-02-06 10:42:20 [scrapy] DEBUG: Scraped from <200 https://www.netbet.fr/football/angleterre/premier-league>
{'site': 'netbet', 'cote': '2,52', 'cote2': '2,75', 'cote3': '3,40', 'equipe1': 'Brighton', 'equipe2': 'Aston Villa'}
2021-02-06 10:42:20 [scrapy] DEBUG: Scraped from <200 https://www.netbet.fr/football/angleterre/premier-league>
{'site': 'netbet', 'cote': '2,30', 'cote2': '3,15', 'cote3': '3,30', 'equipe1': 'Southampton', 'equipe2': 'Wolverhampton'}
2021-02-06 10:42:20 [scrapy] DEBUG: Scraped from <200 https://www.netbet.fr/football/angleterre/premier-league>
{'site': 'netbet', 'cote': '8,25', 'cote2': '1,33', 'cote3': '5,30', 'equipe1': 'West Bromwich', 'equipe2': 'Manchester United'}
2021-02-06 10:42:20 [scrapy] DEBUG: Scraped from <200 https://www.netbet.fr/football/angleterre/premier-league>
{'site': 'netbet', 'cote': '1,75', 'cote2': '4,30', 'cote3': '4,00', 'equipe1': 'Arsenal', 'equipe2': 'Leeds United'}
2021-02-06 10:42:20 [scrapy] DEBUG: Scraped from <200 https://www.netbet.fr/football/angleterre/premier-league>
{'site': 'netbet', 'cote': '1,68', 'cote2': '4,80', 'cote3': '3,85', 'equipe1': 'Everton', 'equipe2': 'Fulham'}
2021-02-06 10:42:20 [scrapy] DEBUG: Scraped from <200 https://www.netbet.fr/football/angleterre/premier-league>
{'site': 'netbet', 'cote': '1,68', 'cote2': '5,00', 'cote3': '3,80', 'equipe1': 'West Ham', 'equipe2': 'Sheffield United'}
2021-02-06 10:42:20 [scrapy] DEBUG: Scraped from <200 https://www.netbet.fr/football/angleterre/premier-league>
{'site': 'netbet', 'cote': '1,29', 'cote2': '10,00', 'cote3': '5,70', 'equipe1': 'Chelsea', 'equipe2': 'Newcastle'}
2021-02-06 10:42:20 [scrapy] INFO: Closing spider (finished)
2021-02-06 10:42:20 [scrapy] INFO: Dumping Scrapy stats:
{'downloader/request_bytes': 532,
 'downloader/request_count': 2,
 'downloader/request_method_count/GET': 2,
 'downloader/response_bytes': 28931,
 'downloader/response_count': 2,
 'downloader/response_status_count/200': 2,
 'elapsed_time_seconds': 0.528647,
 'finish_reason': 'finished',
 'finish_time': datetime.datetime(2021, 2, 6, 10, 42, 20, 283642),
 'item_scraped_count': 20,
 'log_count/DEBUG': 22,
 'log_count/INFO': 7,
 'memusage/max': 69750784,
 'memusage/startup': 69750784,
 'response_received_count': 2,
 'robotstxt/request_count': 1,
 'robotstxt/response_count': 1,
 'robotstxt/response_status_count/200': 1,
 'scheduler/dequeued': 1,
 'scheduler/dequeued/memory': 1,
 'scheduler/enqueued': 1,
 'scheduler/enqueued/memory': 1,
 'start_time': datetime.datetime(2021, 2, 6, 10, 42, 19, 754995)}
2021-02-06 10:42:20 [scrapy] INFO: Spider closed (finished)
