2021-02-21 18:35:45 [scrapy] DEBUG: Crawled (200) <GET https://www.netbet.fr/robots.txt> (referer: None)
2021-02-21 18:35:45 [scrapy] DEBUG: Crawled (200) <GET https://www.netbet.fr/football/angleterre/premier-league?tab=matchs> (referer: None)
2021-02-21 18:35:45 [scrapy] DEBUG: Scraped from <200 https://www.netbet.fr/football/angleterre/premier-league?tab=matchs>
{'championnat': 'Première League',
 'cote': '1,35',
 'cote2': '8,50',
 'cote3': '5,20',
 'date_jour': '02-21-2021',
 'date_match': '02-21-2021',
 'equipe1': 'Manchester United',
 'equipe2': 'Newcastle',
 'site': 'netbet'}
2021-02-21 18:35:45 [scrapy] DEBUG: Scraped from <200 https://www.netbet.fr/football/angleterre/premier-league?tab=matchs>
{'championnat': 'Première League',
 'cote': '1,73',
 'cote2': '5,30',
 'cote3': '3,50',
 'date_jour': '02-21-2021',
 'date_match': '22-02-2021',
 'equipe1': 'Brighton',
 'equipe2': 'Crystal Palace',
 'site': 'netbet'}
2021-02-21 18:35:45 [scrapy] DEBUG: Scraped from <200 https://www.netbet.fr/football/angleterre/premier-league?tab=matchs>
{'championnat': 'Première League',
 'cote': '2,10',
 'cote2': '3,35',
 'cote3': '3,60',
 'date_jour': '02-21-2021',
 'date_match': '23-02-2021',
 'equipe1': 'Leeds United',
 'equipe2': 'Southampton',
 'site': 'netbet'}
2021-02-21 18:35:45 [scrapy] DEBUG: Scraped from <200 https://www.netbet.fr/football/angleterre/premier-league?tab=matchs>
{'championnat': 'Première League',
 'cote': '1,26',
 'cote2': '11,00',
 'cote3': '6,10',
 'date_jour': '02-21-2021',
 'date_match': '27-02-2021',
 'equipe1': 'Manchester City',
 'equipe2': 'West Ham',
 'site': 'netbet'}
2021-02-21 18:35:45 [scrapy] DEBUG: Scraped from <200 https://www.netbet.fr/football/angleterre/premier-league?tab=matchs>
{'championnat': 'Première League',
 'cote': '4,00',
 'cote2': '1,95',
 'cote3': '3,40',
 'date_jour': '02-21-2021',
 'date_match': '27-02-2021',
 'equipe1': 'West Bromwich',
 'equipe2': 'Brighton',
 'site': 'netbet'}
2021-02-21 18:35:45 [scrapy] DEBUG: Scraped from <200 https://www.netbet.fr/football/angleterre/premier-league?tab=matchs>
{'championnat': 'Première League',
 'cote': '2,10',
 'cote2': '3,20',
 'cote3': '3,75',
 'date_jour': '02-21-2021',
 'date_match': '27-02-2021',
 'equipe1': 'Leeds United',
 'equipe2': 'Aston Villa',
 'site': 'netbet'}
2021-02-21 18:35:45 [scrapy] DEBUG: Scraped from <200 https://www.netbet.fr/football/angleterre/premier-league?tab=matchs>
{'championnat': 'Première League',
 'cote': '3,70',
 'cote2': '2,10',
 'cote3': '3,30',
 'date_jour': '02-21-2021',
 'date_match': '27-02-2021',
 'equipe1': 'Newcastle',
 'equipe2': 'Wolverhampton',
 'site': 'netbet'}
2021-02-21 18:35:45 [scrapy] DEBUG: Scraped from <200 https://www.netbet.fr/football/angleterre/premier-league?tab=matchs>
{'championnat': 'Première League',
 'cote': '2,42',
 'cote2': '2,87',
 'cote3': '3,40',
 'date_jour': '02-21-2021',
 'date_match': '28-02-2021',
 'equipe1': 'Leicester',
 'equipe2': 'Arsenal',
 'site': 'netbet'}
2021-02-21 18:35:45 [scrapy] DEBUG: Scraped from <200 https://www.netbet.fr/football/angleterre/premier-league?tab=matchs>
{'championnat': 'Première League',
 'cote': '3,25',
 'cote2': '2,30',
 'cote3': '3,20',
 'date_jour': '02-21-2021',
 'date_match': '28-02-2021',
 'equipe1': 'Crystal Palace',
 'equipe2': 'Fulham',
 'site': 'netbet'}
2021-02-21 18:35:45 [scrapy] DEBUG: Scraped from <200 https://www.netbet.fr/football/angleterre/premier-league?tab=matchs>
{'championnat': 'Première League',
 'cote': '1,55',
 'cote2': '6,20',
 'cote3': '4,10',
 'date_jour': '02-21-2021',
 'date_match': '28-02-2021',
 'equipe1': 'Tottenham',
 'equipe2': 'Burnley FC',
 'site': 'netbet'}
2021-02-21 18:35:45 [scrapy] DEBUG: Scraped from <200 https://www.netbet.fr/football/angleterre/premier-league?tab=matchs>
{'championnat': 'Première League',
 'cote': '2,15',
 'cote2': '3,50',
 'cote3': '3,35',
 'date_jour': '02-21-2021',
 'date_match': '28-02-2021',
 'equipe1': 'Chelsea',
 'equipe2': 'Manchester United',
 'site': 'netbet'}
2021-02-21 18:35:45 [scrapy] DEBUG: Scraped from <200 https://www.netbet.fr/football/angleterre/premier-league?tab=matchs>
{'championnat': 'Première League',
 'cote': '7,25',
 'cote2': '1,40',
 'cote3': '5,00',
 'date_jour': '02-21-2021',
 'date_match': '28-02-2021',
 'equipe1': 'Sheffield United',
 'equipe2': 'Liverpool',
 'site': 'netbet'}
2021-02-21 18:35:45 [scrapy] DEBUG: Scraped from <200 https://www.netbet.fr/football/angleterre/premier-league?tab=matchs>
{'championnat': 'Première League',
 'cote': '2,15',
 'cote2': '3,30',
 'cote3': '3,50',
 'date_jour': '02-21-2021',
 'date_match': '01-03-2021',
 'equipe1': 'Everton',
 'equipe2': 'Southampton',
 'site': 'netbet'}
2021-02-21 18:35:45 [scrapy] INFO: Closing spider (finished)
2021-02-21 18:35:45 [scrapy] INFO: Dumping Scrapy stats:
{'downloader/request_bytes': 543,
 'downloader/request_count': 2,
 'downloader/request_method_count/GET': 2,
 'downloader/response_bytes': 23463,
 'downloader/response_count': 2,
 'downloader/response_status_count/200': 2,
 'elapsed_time_seconds': 0.523498,
 'finish_reason': 'finished',
 'finish_time': datetime.datetime(2021, 2, 21, 18, 35, 45, 680066),
 'item_scraped_count': 13,
 'log_count/DEBUG': 15,
 'log_count/INFO': 7,
 'memusage/max': 65507328,
 'memusage/startup': 65507328,
 'response_received_count': 2,
 'robotstxt/request_count': 1,
 'robotstxt/response_count': 1,
 'robotstxt/response_status_count/200': 1,
 'scheduler/dequeued': 1,
 'scheduler/dequeued/memory': 1,
 'scheduler/enqueued': 1,
 'scheduler/enqueued/memory': 1,
 'start_time': datetime.datetime(2021, 2, 21, 18, 35, 45, 156568)}
2021-02-21 18:35:45 [scrapy] INFO: Spider closed (finished)
