2021-02-06 13:01:43 [scrapy] DEBUG: Redirecting (302) to <GET https://www.zebet.fr/en> from <GET https://www.zebet.fr/robots.txt>
2021-02-06 13:01:43 [scrapy] DEBUG: Crawled (200) <GET https://www.zebet.fr/en> (referer: None)
2021-02-06 13:01:43 [scrapy] DEBUG: Crawled (200) <GET https://www.zebet.fr/fr/competition/94-premier_league> (referer: None)
2021-02-06 13:01:43 [scrapy] DEBUG: Scraped from <200 https://www.zebet.fr/fr/competition/94-premier_league>
{'cote': '\n        3,10    ',
 'cote2': '\n        2,40    ',
 'cote3': '\n        3,45    ',
 'equipe1': '\n                        Newcastle     ',
 'equipe2': '\n                        Southampton     ',
 'site': 'zebet'}
2021-02-06 13:01:43 [scrapy] DEBUG: Scraped from <200 https://www.zebet.fr/fr/competition/94-premier_league>
{'cote': '\n        4,30    ',
 'cote2': '\n        2,02    ',
 'cote3': '\n        3,30    ',
 'equipe1': '\n                        Burnley FC     ',
 'equipe2': '\n                        Brighton     ',
 'site': 'zebet'}
2021-02-06 13:01:43 [scrapy] DEBUG: Scraped from <200 https://www.zebet.fr/fr/competition/94-premier_league>
{'cote': '\n        3,90    ',
 'cote2': '\n        2,02    ',
 'cote3': '\n        3,50    ',
 'equipe1': '\n                        Fulham     ',
 'equipe2': '\n                        West Ham     ',
 'site': 'zebet'}
2021-02-06 13:01:43 [scrapy] DEBUG: Scraped from <200 https://www.zebet.fr/fr/competition/94-premier_league>
{'cote': '\n        1,61    ',
 'cote2': '\n        5,40    ',
 'cote3': '\n        4,20    ',
 'equipe1': '\n                        Manchester United     ',
 'equipe2': '\n                        Everton     ',
 'site': 'zebet'}
2021-02-06 13:01:43 [scrapy] DEBUG: Scraped from <200 https://www.zebet.fr/fr/competition/94-premier_league>
{'cote': '\n        1,51    ',
 'cote2': '\n        6,75    ',
 'cote3': '\n        4,50    ',
 'equipe1': '\n                        Tottenham     ',
 'equipe2': '\n                        West Bromwich Albion     ',
 'site': 'zebet'}
2021-02-06 13:01:43 [scrapy] DEBUG: Scraped from <200 https://www.zebet.fr/fr/competition/94-premier_league>
{'cote': '\n        3,55    ',
 'cote2': '\n        2,15    ',
 'cote3': '\n        3,35    ',
 'equipe1': '\n                        Wolverhampton     ',
 'equipe2': '\n                        Leicester     ',
 'site': 'zebet'}
2021-02-06 13:01:43 [scrapy] DEBUG: Scraped from <200 https://www.zebet.fr/fr/competition/94-premier_league>
{'cote': '\n        3,55    ',
 'cote2': '\n        2,07    ',
 'cote3': '\n        3,65    ',
 'equipe1': '\n                        Liverpool     ',
 'equipe2': '\n                        Manchester City     ',
 'site': 'zebet'}
2021-02-06 13:01:43 [scrapy] DEBUG: Scraped from <200 https://www.zebet.fr/fr/competition/94-premier_league>
{'cote': '\n        7,00    ',
 'cote2': '\n        1,48    ',
 'cote3': '\n        4,50    ',
 'equipe1': '\n                        Sheffield United     ',
 'equipe2': '\n                        Chelsea     ',
 'site': 'zebet'}
2021-02-06 13:01:43 [scrapy] DEBUG: Scraped from <200 https://www.zebet.fr/fr/competition/94-premier_league>
{'cote': '\n        1,81    ',
 'cote2': '\n        4,10    ',
 'cote3': '\n        3,90    ',
 'equipe1': '\n                        Leeds United     ',
 'equipe2': '\n                        Crystal Palace     ',
 'site': 'zebet'}
2021-02-06 13:01:43 [scrapy] DEBUG: Scraped from <200 https://www.zebet.fr/fr/competition/94-premier_league>
{'cote': '\n        3,30    ',
 'cote2': '\n        2,07    ',
 'cote3': '\n        3,35    ',
 'equipe1': '\n                        Leicester     ',
 'equipe2': '\n                        Liverpool     ',
 'site': 'zebet'}
2021-02-06 13:01:43 [scrapy] DEBUG: Scraped from <200 https://www.zebet.fr/fr/competition/94-premier_league>
{'cote': '\n        2,20    ',
 'cote2': '\n        3,15    ',
 'cote3': '\n        3,15    ',
 'equipe1': '\n                        Crystal Palace     ',
 'equipe2': '\n                        Burnley FC     ',
 'site': 'zebet'}
2021-02-06 13:01:43 [scrapy] DEBUG: Scraped from <200 https://www.zebet.fr/fr/competition/94-premier_league>
{'cote': '\n        1,31    ',
 'cote2': '\n        7,75    ',
 'cote3': '\n        5,10    ',
 'equipe1': '\n                        Manchester City     ',
 'equipe2': '\n                        Tottenham     ',
 'site': 'zebet'}
2021-02-06 13:01:43 [scrapy] DEBUG: Scraped from <200 https://www.zebet.fr/fr/competition/94-premier_league>
{'cote': '\n        2,42    ',
 'cote2': '\n        2,70    ',
 'cote3': '\n        3,30    ',
 'equipe1': '\n                        Brighton     ',
 'equipe2': '\n                        Aston Villa     ',
 'site': 'zebet'}
2021-02-06 13:01:43 [scrapy] DEBUG: Scraped from <200 https://www.zebet.fr/fr/competition/94-premier_league>
{'cote': '\n        2,22    ',
 'cote2': '\n        3,05    ',
 'cote3': '\n        3,20    ',
 'equipe1': '\n                        Southampton     ',
 'equipe2': '\n                        Wolverhampton     ',
 'site': 'zebet'}
2021-02-06 13:01:43 [scrapy] DEBUG: Scraped from <200 https://www.zebet.fr/fr/competition/94-premier_league>
{'cote': '\n        8,00    ',
 'cote2': '\n        1,30    ',
 'cote3': '\n        5,20    ',
 'equipe1': '\n                        West Bromwich Albion     ',
 'equipe2': '\n                        Manchester United     ',
 'site': 'zebet'}
2021-02-06 13:01:43 [scrapy] DEBUG: Scraped from <200 https://www.zebet.fr/fr/competition/94-premier_league>
{'cote': '\n        1,70    ',
 'cote2': '\n        4,20    ',
 'cote3': '\n        3,90    ',
 'equipe1': '\n                        Arsenal     ',
 'equipe2': '\n                        Leeds United     ',
 'site': 'zebet'}
2021-02-06 13:01:43 [scrapy] DEBUG: Scraped from <200 https://www.zebet.fr/fr/competition/94-premier_league>
{'cote': '\n        1,65    ',
 'cote2': '\n        4,70    ',
 'cote3': '\n        3,75    ',
 'equipe1': '\n                        Everton     ',
 'equipe2': '\n                        Fulham     ',
 'site': 'zebet'}
2021-02-06 13:01:43 [scrapy] DEBUG: Scraped from <200 https://www.zebet.fr/fr/competition/94-premier_league>
{'cote': '\n        1,63    ',
 'cote2': '\n        4,80    ',
 'cote3': '\n        3,70    ',
 'equipe1': '\n                        West Ham     ',
 'equipe2': '\n                        Sheffield United     ',
 'site': 'zebet'}
2021-02-06 13:01:43 [scrapy] DEBUG: Scraped from <200 https://www.zebet.fr/fr/competition/94-premier_league>
{'cote': '\n        1,27    ',
 'cote2': '\n        8,75    ',
 'cote3': '\n        5,50    ',
 'equipe1': '\n                        Chelsea     ',
 'equipe2': '\n                        Newcastle     ',
 'site': 'zebet'}
2021-02-06 13:01:43 [scrapy] INFO: Closing spider (finished)
2021-02-06 13:01:43 [scrapy] INFO: Dumping Scrapy stats:
{'downloader/request_bytes': 900,
 'downloader/request_count': 3,
 'downloader/request_method_count/GET': 3,
 'downloader/response_bytes': 57522,
 'downloader/response_count': 3,
 'downloader/response_status_count/200': 2,
 'downloader/response_status_count/302': 1,
 'elapsed_time_seconds': 0.395521,
 'finish_reason': 'finished',
 'finish_time': datetime.datetime(2021, 2, 6, 13, 1, 43, 592363),
 'item_scraped_count': 19,
 'log_count/DEBUG': 152,
 'log_count/INFO': 7,
 'memusage/max': 63537152,
 'memusage/startup': 63537152,
 'response_received_count': 2,
 'robotstxt/request_count': 1,
 'robotstxt/response_count': 1,
 'robotstxt/response_status_count/200': 1,
 'scheduler/dequeued': 1,
 'scheduler/dequeued/memory': 1,
 'scheduler/enqueued': 1,
 'scheduler/enqueued/memory': 1,
 'start_time': datetime.datetime(2021, 2, 6, 13, 1, 43, 196842)}
2021-02-06 13:01:43 [scrapy] INFO: Spider closed (finished)
