2021-02-21 12:21:23 [scrapy] DEBUG: Redirecting (302) to <GET https://www.zebet.fr/en> from <GET https://www.zebet.fr/robots.txt>
2021-02-21 12:21:23 [scrapy] DEBUG: Crawled (200) <GET https://www.zebet.fr/en> (referer: None)
2021-02-21 12:21:23 [scrapy] DEBUG: Crawled (200) <GET https://www.zebet.fr/fr/competition/94-premier_league> (referer: None)
2021-02-21 12:21:23 [scrapy] DEBUG: Scraped from <200 https://www.zebet.fr/fr/competition/94-premier_league>
{'championnat': 'Première League',
 'cote': '\n        3,55    ',
 'cote2': '\n        2,07    ',
 'cote3': '\n        3,55    ',
 'date_jour': '02-21-2021',
 'date_match': '\n            21/02            15:05        ',
 'equipe1': '\n                        Aston Villa     ',
 'equipe2': '\n                        Leicester     ',
 'site': 'zebet'}
2021-02-21 12:21:23 [scrapy] DEBUG: Scraped from <200 https://www.zebet.fr/fr/competition/94-premier_league>
{'championnat': 'Première League',
 'cote': '\n        6,40    ',
 'cote2': '\n        1,50    ',
 'cote3': '\n        4,60    ',
 'date_jour': '02-21-2021',
 'date_match': '\n            21/02            17:30        ',
 'equipe1': '\n                        Arsenal     ',
 'equipe2': '\n                        Manchester City     ',
 'site': 'zebet'}
2021-02-21 12:21:23 [scrapy] DEBUG: Scraped from <200 https://www.zebet.fr/fr/competition/94-premier_league>
{'championnat': 'Première League',
 'cote': '\n        1,29    ',
 'cote2': '\n        10,00    ',
 'cote3': '\n        6,20    ',
 'date_jour': '02-21-2021',
 'date_match': '\n            21/02            20:00        ',
 'equipe1': '\n                        Manchester United     ',
 'equipe2': '\n                        Newcastle     ',
 'site': 'zebet'}
2021-02-21 12:21:23 [scrapy] DEBUG: Scraped from <200 https://www.zebet.fr/fr/competition/94-premier_league>
{'championnat': 'Première League',
 'cote': '\n        1,73    ',
 'cote2': '\n        5,20    ',
 'cote3': '\n        3,55    ',
 'date_jour': '02-21-2021',
 'date_match': '\n            22/02            21:00        ',
 'equipe1': '\n                        Brighton     ',
 'equipe2': '\n                        Crystal Palace     ',
 'site': 'zebet'}
2021-02-21 12:21:23 [scrapy] DEBUG: Scraped from <200 https://www.zebet.fr/fr/competition/94-premier_league>
{'championnat': 'Première League',
 'cote': '\n        2,02    ',
 'cote2': '\n        3,25    ',
 'cote3': '\n        3,50    ',
 'date_jour': '02-21-2021',
 'date_match': '\n            23/02            19:00        ',
 'equipe1': '\n                        Leeds United     ',
 'equipe2': '\n                        Southampton     ',
 'site': 'zebet'}
2021-02-21 12:21:23 [scrapy] DEBUG: Scraped from <200 https://www.zebet.fr/fr/competition/94-premier_league>
{'championnat': 'Première League',
 'cote': '\n        1,25    ',
 'cote2': '\n        9,00    ',
 'cote3': '\n        5,60    ',
 'date_jour': '02-21-2021',
 'date_match': '\n            27/02            13:30        ',
 'equipe1': '\n                        Manchester City     ',
 'equipe2': '\n                        West Ham     ',
 'site': 'zebet'}
2021-02-21 12:21:23 [scrapy] DEBUG: Scraped from <200 https://www.zebet.fr/fr/competition/94-premier_league>
{'championnat': 'Première League',
 'cote': '\n        3,90    ',
 'cote2': '\n        1,90    ',
 'cote3': '\n        3,30    ',
 'date_jour': '02-21-2021',
 'date_match': '\n            27/02            16:00        ',
 'equipe1': '\n                        West Bromwich Albion     ',
 'equipe2': '\n                        Brighton     ',
 'site': 'zebet'}
2021-02-21 12:21:23 [scrapy] DEBUG: Scraped from <200 https://www.zebet.fr/fr/competition/94-premier_league>
{'championnat': 'Première League',
 'cote': '\n        2,40    ',
 'cote2': '\n        2,57    ',
 'cote3': '\n        3,55    ',
 'date_jour': '02-21-2021',
 'date_match': '\n            27/02            18:30        ',
 'equipe1': '\n                        Leeds United     ',
 'equipe2': '\n                        Aston Villa     ',
 'site': 'zebet'}
2021-02-21 12:21:23 [scrapy] DEBUG: Scraped from <200 https://www.zebet.fr/fr/competition/94-premier_league>
{'championnat': 'Première League',
 'cote': '\n        3,55    ',
 'cote2': '\n        2,05    ',
 'cote3': '\n        3,15    ',
 'date_jour': '02-21-2021',
 'date_match': '\n            27/02            21:00        ',
 'equipe1': '\n                        Newcastle     ',
 'equipe2': '\n                        Wolverhampton     ',
 'site': 'zebet'}
2021-02-21 12:21:23 [scrapy] DEBUG: Scraped from <200 https://www.zebet.fr/fr/competition/94-premier_league>
{'championnat': 'Première League',
 'cote': '\n        2,35    ',
 'cote2': '\n        2,82    ',
 'cote3': '\n        3,30    ',
 'date_jour': '02-21-2021',
 'date_match': '\n            28/02            13:00        ',
 'equipe1': '\n                        Leicester     ',
 'equipe2': '\n                        Arsenal     ',
 'site': 'zebet'}
2021-02-21 12:21:23 [scrapy] DEBUG: Scraped from <200 https://www.zebet.fr/fr/competition/94-premier_league>
{'championnat': 'Première League',
 'cote': '\n        2,85    ',
 'cote2': '\n        2,42    ',
 'cote3': '\n        3,10    ',
 'date_jour': '02-21-2021',
 'date_match': '\n            28/02            13:00        ',
 'equipe1': '\n                        Crystal Palace     ',
 'equipe2': '\n                        Fulham     ',
 'site': 'zebet'}
2021-02-21 12:21:23 [scrapy] DEBUG: Scraped from <200 https://www.zebet.fr/fr/competition/94-premier_league>
{'championnat': 'Première League',
 'cote': '\n        1,48    ',
 'cote2': '\n        6,00    ',
 'cote3': '\n        4,00    ',
 'date_jour': '02-21-2021',
 'date_match': '\n            28/02            15:00        ',
 'equipe1': '\n                        Tottenham     ',
 'equipe2': '\n                        Burnley FC     ',
 'site': 'zebet'}
2021-02-21 12:21:23 [scrapy] DEBUG: Scraped from <200 https://www.zebet.fr/fr/competition/94-premier_league>
{'championnat': 'Première League',
 'cote': '\n        2,10    ',
 'cote2': '\n        3,35    ',
 'cote3': '\n        3,20    ',
 'date_jour': '02-21-2021',
 'date_match': '\n            28/02            17:30        ',
 'equipe1': '\n                        Chelsea     ',
 'equipe2': '\n                        Manchester United     ',
 'site': 'zebet'}
2021-02-21 12:21:23 [scrapy] DEBUG: Scraped from <200 https://www.zebet.fr/fr/competition/94-premier_league>
{'championnat': 'Première League',
 'cote': '\n        7,00    ',
 'cote2': '\n        1,36    ',
 'cote3': '\n        4,80    ',
 'date_jour': '02-21-2021',
 'date_match': '\n            28/02            20:15        ',
 'equipe1': '\n                        Sheffield United     ',
 'equipe2': '\n                        Liverpool     ',
 'site': 'zebet'}
2021-02-21 12:21:23 [scrapy] DEBUG: Scraped from <200 https://www.zebet.fr/fr/competition/94-premier_league>
{'championnat': 'Première League',
 'cote': '\n        2,10    ',
 'cote2': '\n        3,20    ',
 'cote3': '\n        3,35    ',
 'date_jour': '02-21-2021',
 'date_match': '\n            01/03            21:00        ',
 'equipe1': '\n                        Everton     ',
 'equipe2': '\n                        Southampton     ',
 'site': 'zebet'}
2021-02-21 12:21:23 [scrapy] INFO: Closing spider (finished)
2021-02-21 12:21:23 [scrapy] INFO: Dumping Scrapy stats:
{'downloader/request_bytes': 900,
 'downloader/request_count': 3,
 'downloader/request_method_count/GET': 3,
 'downloader/response_bytes': 64436,
 'downloader/response_count': 3,
 'downloader/response_status_count/200': 2,
 'downloader/response_status_count/302': 1,
 'elapsed_time_seconds': 0.552322,
 'finish_reason': 'finished',
 'finish_time': datetime.datetime(2021, 2, 21, 12, 21, 23, 437222),
 'item_scraped_count': 15,
 'log_count/DEBUG': 155,
 'log_count/INFO': 7,
 'memusage/max': 57925632,
 'memusage/startup': 57925632,
 'response_received_count': 2,
 'robotstxt/request_count': 1,
 'robotstxt/response_count': 1,
 'robotstxt/response_status_count/200': 1,
 'scheduler/dequeued': 1,
 'scheduler/dequeued/memory': 1,
 'scheduler/enqueued': 1,
 'scheduler/enqueued/memory': 1,
 'start_time': datetime.datetime(2021, 2, 21, 12, 21, 22, 884900)}
2021-02-21 12:21:23 [scrapy] INFO: Spider closed (finished)
