2021-02-06 12:51:35 [scrapy] DEBUG: Redirecting (302) to <GET https://www.zebet.fr/en> from <GET https://www.zebet.fr/robots.txt>
2021-02-06 12:51:36 [scrapy] DEBUG: Crawled (200) <GET https://www.zebet.fr/en> (referer: None)
2021-02-06 12:51:36 [scrapy] DEBUG: Crawled (200) <GET https://www.zebet.fr/fr/competition/94-premier_league> (referer: None)
2021-02-06 12:51:36 [scrapy] ERROR: Error processing {'cote': '\n        3,10    ',
 'cote2': '\n        2,40    ',
 'cote3': '\n        3,45    ',
 'equipe1': '\n                        Newcastle     ',
 'equipe2': '\n                        Southampton     ',
 'site': 'zebet'}
Traceback (most recent call last):
  File "/usr/local/lib/python3.6/dist-packages/twisted/internet/defer.py", line 654, in _runCallbacks
    current.result = callback(current.result, *args, **kw)
  File "/usr/local/lib/python3.6/dist-packages/scrapy/utils/defer.py", line 150, in f
    return deferred_from_coro(coro_f(*coro_args, **coro_kwargs))
  File "/scrapyrt/project/Scraper/pipelines.py", line 24, in process_item
    item["equipe1"] = clean_spaces(item["equipe1"])
UnboundLocalError: local variable 'clean_spaces' referenced before assignment
2021-02-06 12:51:36 [scrapy] ERROR: Error processing {'cote': '\n        4,30    ',
 'cote2': '\n        2,02    ',
 'cote3': '\n        3,30    ',
 'equipe1': '\n                        Burnley FC     ',
 'equipe2': '\n                        Brighton     ',
 'site': 'zebet'}
Traceback (most recent call last):
  File "/usr/local/lib/python3.6/dist-packages/twisted/internet/defer.py", line 654, in _runCallbacks
    current.result = callback(current.result, *args, **kw)
  File "/usr/local/lib/python3.6/dist-packages/scrapy/utils/defer.py", line 150, in f
    return deferred_from_coro(coro_f(*coro_args, **coro_kwargs))
  File "/scrapyrt/project/Scraper/pipelines.py", line 24, in process_item
    item["equipe1"] = clean_spaces(item["equipe1"])
UnboundLocalError: local variable 'clean_spaces' referenced before assignment
2021-02-06 12:51:36 [scrapy] ERROR: Error processing {'cote': '\n        3,90    ',
 'cote2': '\n        2,02    ',
 'cote3': '\n        3,50    ',
 'equipe1': '\n                        Fulham     ',
 'equipe2': '\n                        West Ham     ',
 'site': 'zebet'}
Traceback (most recent call last):
  File "/usr/local/lib/python3.6/dist-packages/twisted/internet/defer.py", line 654, in _runCallbacks
    current.result = callback(current.result, *args, **kw)
  File "/usr/local/lib/python3.6/dist-packages/scrapy/utils/defer.py", line 150, in f
    return deferred_from_coro(coro_f(*coro_args, **coro_kwargs))
  File "/scrapyrt/project/Scraper/pipelines.py", line 24, in process_item
    item["equipe1"] = clean_spaces(item["equipe1"])
UnboundLocalError: local variable 'clean_spaces' referenced before assignment
2021-02-06 12:51:36 [scrapy] ERROR: Error processing {'cote': '\n        1,61    ',
 'cote2': '\n        5,40    ',
 'cote3': '\n        4,20    ',
 'equipe1': '\n                        Manchester United     ',
 'equipe2': '\n                        Everton     ',
 'site': 'zebet'}
Traceback (most recent call last):
  File "/usr/local/lib/python3.6/dist-packages/twisted/internet/defer.py", line 654, in _runCallbacks
    current.result = callback(current.result, *args, **kw)
  File "/usr/local/lib/python3.6/dist-packages/scrapy/utils/defer.py", line 150, in f
    return deferred_from_coro(coro_f(*coro_args, **coro_kwargs))
  File "/scrapyrt/project/Scraper/pipelines.py", line 24, in process_item
    item["equipe1"] = clean_spaces(item["equipe1"])
UnboundLocalError: local variable 'clean_spaces' referenced before assignment
2021-02-06 12:51:36 [scrapy] ERROR: Error processing {'cote': '\n        1,51    ',
 'cote2': '\n        6,75    ',
 'cote3': '\n        4,50    ',
 'equipe1': '\n                        Tottenham     ',
 'equipe2': '\n                        West Bromwich Albion     ',
 'site': 'zebet'}
Traceback (most recent call last):
  File "/usr/local/lib/python3.6/dist-packages/twisted/internet/defer.py", line 654, in _runCallbacks
    current.result = callback(current.result, *args, **kw)
  File "/usr/local/lib/python3.6/dist-packages/scrapy/utils/defer.py", line 150, in f
    return deferred_from_coro(coro_f(*coro_args, **coro_kwargs))
  File "/scrapyrt/project/Scraper/pipelines.py", line 24, in process_item
    item["equipe1"] = clean_spaces(item["equipe1"])
UnboundLocalError: local variable 'clean_spaces' referenced before assignment
2021-02-06 12:51:36 [scrapy] ERROR: Error processing {'cote': '\n        3,55    ',
 'cote2': '\n        2,15    ',
 'cote3': '\n        3,35    ',
 'equipe1': '\n                        Wolverhampton     ',
 'equipe2': '\n                        Leicester     ',
 'site': 'zebet'}
Traceback (most recent call last):
  File "/usr/local/lib/python3.6/dist-packages/twisted/internet/defer.py", line 654, in _runCallbacks
    current.result = callback(current.result, *args, **kw)
  File "/usr/local/lib/python3.6/dist-packages/scrapy/utils/defer.py", line 150, in f
    return deferred_from_coro(coro_f(*coro_args, **coro_kwargs))
  File "/scrapyrt/project/Scraper/pipelines.py", line 24, in process_item
    item["equipe1"] = clean_spaces(item["equipe1"])
UnboundLocalError: local variable 'clean_spaces' referenced before assignment
2021-02-06 12:51:36 [scrapy] ERROR: Error processing {'cote': '\n        3,55    ',
 'cote2': '\n        2,07    ',
 'cote3': '\n        3,65    ',
 'equipe1': '\n                        Liverpool     ',
 'equipe2': '\n                        Manchester City     ',
 'site': 'zebet'}
Traceback (most recent call last):
  File "/usr/local/lib/python3.6/dist-packages/twisted/internet/defer.py", line 654, in _runCallbacks
    current.result = callback(current.result, *args, **kw)
  File "/usr/local/lib/python3.6/dist-packages/scrapy/utils/defer.py", line 150, in f
    return deferred_from_coro(coro_f(*coro_args, **coro_kwargs))
  File "/scrapyrt/project/Scraper/pipelines.py", line 24, in process_item
    item["equipe1"] = clean_spaces(item["equipe1"])
UnboundLocalError: local variable 'clean_spaces' referenced before assignment
2021-02-06 12:51:36 [scrapy] ERROR: Error processing {'cote': '\n        7,00    ',
 'cote2': '\n        1,48    ',
 'cote3': '\n        4,50    ',
 'equipe1': '\n                        Sheffield United     ',
 'equipe2': '\n                        Chelsea     ',
 'site': 'zebet'}
Traceback (most recent call last):
  File "/usr/local/lib/python3.6/dist-packages/twisted/internet/defer.py", line 654, in _runCallbacks
    current.result = callback(current.result, *args, **kw)
  File "/usr/local/lib/python3.6/dist-packages/scrapy/utils/defer.py", line 150, in f
    return deferred_from_coro(coro_f(*coro_args, **coro_kwargs))
  File "/scrapyrt/project/Scraper/pipelines.py", line 24, in process_item
    item["equipe1"] = clean_spaces(item["equipe1"])
UnboundLocalError: local variable 'clean_spaces' referenced before assignment
2021-02-06 12:51:36 [scrapy] ERROR: Error processing {'cote': '\n        1,81    ',
 'cote2': '\n        4,10    ',
 'cote3': '\n        3,90    ',
 'equipe1': '\n                        Leeds United     ',
 'equipe2': '\n                        Crystal Palace     ',
 'site': 'zebet'}
Traceback (most recent call last):
  File "/usr/local/lib/python3.6/dist-packages/twisted/internet/defer.py", line 654, in _runCallbacks
    current.result = callback(current.result, *args, **kw)
  File "/usr/local/lib/python3.6/dist-packages/scrapy/utils/defer.py", line 150, in f
    return deferred_from_coro(coro_f(*coro_args, **coro_kwargs))
  File "/scrapyrt/project/Scraper/pipelines.py", line 24, in process_item
    item["equipe1"] = clean_spaces(item["equipe1"])
UnboundLocalError: local variable 'clean_spaces' referenced before assignment
2021-02-06 12:51:36 [scrapy] ERROR: Error processing {'cote': '\n        3,30    ',
 'cote2': '\n        2,07    ',
 'cote3': '\n        3,35    ',
 'equipe1': '\n                        Leicester     ',
 'equipe2': '\n                        Liverpool     ',
 'site': 'zebet'}
Traceback (most recent call last):
  File "/usr/local/lib/python3.6/dist-packages/twisted/internet/defer.py", line 654, in _runCallbacks
    current.result = callback(current.result, *args, **kw)
  File "/usr/local/lib/python3.6/dist-packages/scrapy/utils/defer.py", line 150, in f
    return deferred_from_coro(coro_f(*coro_args, **coro_kwargs))
  File "/scrapyrt/project/Scraper/pipelines.py", line 24, in process_item
    item["equipe1"] = clean_spaces(item["equipe1"])
UnboundLocalError: local variable 'clean_spaces' referenced before assignment
2021-02-06 12:51:36 [scrapy] ERROR: Error processing {'cote': '\n        2,20    ',
 'cote2': '\n        3,15    ',
 'cote3': '\n        3,15    ',
 'equipe1': '\n                        Crystal Palace     ',
 'equipe2': '\n                        Burnley FC     ',
 'site': 'zebet'}
Traceback (most recent call last):
  File "/usr/local/lib/python3.6/dist-packages/twisted/internet/defer.py", line 654, in _runCallbacks
    current.result = callback(current.result, *args, **kw)
  File "/usr/local/lib/python3.6/dist-packages/scrapy/utils/defer.py", line 150, in f
    return deferred_from_coro(coro_f(*coro_args, **coro_kwargs))
  File "/scrapyrt/project/Scraper/pipelines.py", line 24, in process_item
    item["equipe1"] = clean_spaces(item["equipe1"])
UnboundLocalError: local variable 'clean_spaces' referenced before assignment
2021-02-06 12:51:36 [scrapy] ERROR: Error processing {'cote': '\n        1,31    ',
 'cote2': '\n        7,75    ',
 'cote3': '\n        5,10    ',
 'equipe1': '\n                        Manchester City     ',
 'equipe2': '\n                        Tottenham     ',
 'site': 'zebet'}
Traceback (most recent call last):
  File "/usr/local/lib/python3.6/dist-packages/twisted/internet/defer.py", line 654, in _runCallbacks
    current.result = callback(current.result, *args, **kw)
  File "/usr/local/lib/python3.6/dist-packages/scrapy/utils/defer.py", line 150, in f
    return deferred_from_coro(coro_f(*coro_args, **coro_kwargs))
  File "/scrapyrt/project/Scraper/pipelines.py", line 24, in process_item
    item["equipe1"] = clean_spaces(item["equipe1"])
UnboundLocalError: local variable 'clean_spaces' referenced before assignment
2021-02-06 12:51:36 [scrapy] ERROR: Error processing {'cote': '\n        2,42    ',
 'cote2': '\n        2,70    ',
 'cote3': '\n        3,30    ',
 'equipe1': '\n                        Brighton     ',
 'equipe2': '\n                        Aston Villa     ',
 'site': 'zebet'}
Traceback (most recent call last):
  File "/usr/local/lib/python3.6/dist-packages/twisted/internet/defer.py", line 654, in _runCallbacks
    current.result = callback(current.result, *args, **kw)
  File "/usr/local/lib/python3.6/dist-packages/scrapy/utils/defer.py", line 150, in f
    return deferred_from_coro(coro_f(*coro_args, **coro_kwargs))
  File "/scrapyrt/project/Scraper/pipelines.py", line 24, in process_item
    item["equipe1"] = clean_spaces(item["equipe1"])
UnboundLocalError: local variable 'clean_spaces' referenced before assignment
2021-02-06 12:51:36 [scrapy] ERROR: Error processing {'cote': '\n        2,22    ',
 'cote2': '\n        3,05    ',
 'cote3': '\n        3,20    ',
 'equipe1': '\n                        Southampton     ',
 'equipe2': '\n                        Wolverhampton     ',
 'site': 'zebet'}
Traceback (most recent call last):
  File "/usr/local/lib/python3.6/dist-packages/twisted/internet/defer.py", line 654, in _runCallbacks
    current.result = callback(current.result, *args, **kw)
  File "/usr/local/lib/python3.6/dist-packages/scrapy/utils/defer.py", line 150, in f
    return deferred_from_coro(coro_f(*coro_args, **coro_kwargs))
  File "/scrapyrt/project/Scraper/pipelines.py", line 24, in process_item
    item["equipe1"] = clean_spaces(item["equipe1"])
UnboundLocalError: local variable 'clean_spaces' referenced before assignment
2021-02-06 12:51:36 [scrapy] ERROR: Error processing {'cote': '\n        8,00    ',
 'cote2': '\n        1,30    ',
 'cote3': '\n        5,20    ',
 'equipe1': '\n                        West Bromwich Albion     ',
 'equipe2': '\n                        Manchester United     ',
 'site': 'zebet'}
Traceback (most recent call last):
  File "/usr/local/lib/python3.6/dist-packages/twisted/internet/defer.py", line 654, in _runCallbacks
    current.result = callback(current.result, *args, **kw)
  File "/usr/local/lib/python3.6/dist-packages/scrapy/utils/defer.py", line 150, in f
    return deferred_from_coro(coro_f(*coro_args, **coro_kwargs))
  File "/scrapyrt/project/Scraper/pipelines.py", line 24, in process_item
    item["equipe1"] = clean_spaces(item["equipe1"])
UnboundLocalError: local variable 'clean_spaces' referenced before assignment
2021-02-06 12:51:36 [scrapy] ERROR: Error processing {'cote': '\n        1,70    ',
 'cote2': '\n        4,20    ',
 'cote3': '\n        3,90    ',
 'equipe1': '\n                        Arsenal     ',
 'equipe2': '\n                        Leeds United     ',
 'site': 'zebet'}
Traceback (most recent call last):
  File "/usr/local/lib/python3.6/dist-packages/twisted/internet/defer.py", line 654, in _runCallbacks
    current.result = callback(current.result, *args, **kw)
  File "/usr/local/lib/python3.6/dist-packages/scrapy/utils/defer.py", line 150, in f
    return deferred_from_coro(coro_f(*coro_args, **coro_kwargs))
  File "/scrapyrt/project/Scraper/pipelines.py", line 24, in process_item
    item["equipe1"] = clean_spaces(item["equipe1"])
UnboundLocalError: local variable 'clean_spaces' referenced before assignment
2021-02-06 12:51:36 [scrapy] ERROR: Error processing {'cote': '\n        1,65    ',
 'cote2': '\n        4,70    ',
 'cote3': '\n        3,75    ',
 'equipe1': '\n                        Everton     ',
 'equipe2': '\n                        Fulham     ',
 'site': 'zebet'}
Traceback (most recent call last):
  File "/usr/local/lib/python3.6/dist-packages/twisted/internet/defer.py", line 654, in _runCallbacks
    current.result = callback(current.result, *args, **kw)
  File "/usr/local/lib/python3.6/dist-packages/scrapy/utils/defer.py", line 150, in f
    return deferred_from_coro(coro_f(*coro_args, **coro_kwargs))
  File "/scrapyrt/project/Scraper/pipelines.py", line 24, in process_item
    item["equipe1"] = clean_spaces(item["equipe1"])
UnboundLocalError: local variable 'clean_spaces' referenced before assignment
2021-02-06 12:51:36 [scrapy] ERROR: Error processing {'cote': '\n        1,63    ',
 'cote2': '\n        4,80    ',
 'cote3': '\n        3,70    ',
 'equipe1': '\n                        West Ham     ',
 'equipe2': '\n                        Sheffield United     ',
 'site': 'zebet'}
Traceback (most recent call last):
  File "/usr/local/lib/python3.6/dist-packages/twisted/internet/defer.py", line 654, in _runCallbacks
    current.result = callback(current.result, *args, **kw)
  File "/usr/local/lib/python3.6/dist-packages/scrapy/utils/defer.py", line 150, in f
    return deferred_from_coro(coro_f(*coro_args, **coro_kwargs))
  File "/scrapyrt/project/Scraper/pipelines.py", line 24, in process_item
    item["equipe1"] = clean_spaces(item["equipe1"])
UnboundLocalError: local variable 'clean_spaces' referenced before assignment
2021-02-06 12:51:36 [scrapy] ERROR: Error processing {'cote': '\n        1,27    ',
 'cote2': '\n        8,75    ',
 'cote3': '\n        5,50    ',
 'equipe1': '\n                        Chelsea     ',
 'equipe2': '\n                        Newcastle     ',
 'site': 'zebet'}
Traceback (most recent call last):
  File "/usr/local/lib/python3.6/dist-packages/twisted/internet/defer.py", line 654, in _runCallbacks
    current.result = callback(current.result, *args, **kw)
  File "/usr/local/lib/python3.6/dist-packages/scrapy/utils/defer.py", line 150, in f
    return deferred_from_coro(coro_f(*coro_args, **coro_kwargs))
  File "/scrapyrt/project/Scraper/pipelines.py", line 24, in process_item
    item["equipe1"] = clean_spaces(item["equipe1"])
UnboundLocalError: local variable 'clean_spaces' referenced before assignment
2021-02-06 12:51:36 [scrapy] INFO: Closing spider (finished)
2021-02-06 12:51:36 [scrapy] INFO: Dumping Scrapy stats:
{'downloader/request_bytes': 900,
 'downloader/request_count': 3,
 'downloader/request_method_count/GET': 3,
 'downloader/response_bytes': 57748,
 'downloader/response_count': 3,
 'downloader/response_status_count/200': 2,
 'downloader/response_status_count/302': 1,
 'elapsed_time_seconds': 1.226727,
 'finish_reason': 'finished',
 'finish_time': datetime.datetime(2021, 2, 6, 12, 51, 36, 732945),
 'log_count/DEBUG': 135,
 'log_count/ERROR': 19,
 'log_count/INFO': 7,
 'memusage/max': 70922240,
 'memusage/startup': 70922240,
 'response_received_count': 2,
 'robotstxt/request_count': 1,
 'robotstxt/response_count': 1,
 'robotstxt/response_status_count/200': 1,
 'scheduler/dequeued': 1,
 'scheduler/dequeued/memory': 1,
 'scheduler/enqueued': 1,
 'scheduler/enqueued/memory': 1,
 'start_time': datetime.datetime(2021, 2, 6, 12, 51, 35, 506218)}
2021-02-06 12:51:36 [scrapy] INFO: Spider closed (finished)
