2021-02-06 10:14:47 [scrapy] DEBUG: Redirecting (302) to <GET https://www.zebet.fr/en> from <GET https://www.zebet.fr/robots.txt>
2021-02-06 10:14:48 [scrapy] DEBUG: Crawled (200) <GET https://www.zebet.fr/en> (referer: None)
2021-02-06 10:14:48 [scrapy] DEBUG: Crawled (200) <GET https://www.zebet.fr/fr/competition/94-premier_league> (referer: None)
2021-02-06 10:14:48 [scrapy] DEBUG: Scraped from <200 https://www.zebet.fr/fr/competition/94-premier_league>
{'site': 'zebet', 'cote': '\n        2,80    ', 'cote2': '\n        2,60    ', 'cote3': '\n        3,50    ', 'equipe1': '\n                        Aston Villa     ', 'equipe2': '\n                        Arsenal     '}
2021-02-06 10:14:48 [scrapy] DEBUG: Scraped from <200 https://www.zebet.fr/fr/competition/94-premier_league>
{'site': 'zebet', 'cote': '\n        3,10    ', 'cote2': '\n        2,40    ', 'cote3': '\n        3,40    ', 'equipe1': '\n                        Newcastle     ', 'equipe2': '\n                        Southampton     '}
2021-02-06 10:14:48 [scrapy] DEBUG: Scraped from <200 https://www.zebet.fr/fr/competition/94-premier_league>
{'site': 'zebet', 'cote': '\n        3,95    ', 'cote2': '\n        2,15    ', 'cote3': '\n        3,20    ', 'equipe1': '\n                        Burnley FC     ', 'equipe2': '\n                        Brighton     '}
2021-02-06 10:14:48 [scrapy] DEBUG: Scraped from <200 https://www.zebet.fr/fr/competition/94-premier_league>
{'site': 'zebet', 'cote': '\n        3,90    ', 'cote2': '\n        2,02    ', 'cote3': '\n        3,50    ', 'equipe1': '\n                        Fulham     ', 'equipe2': '\n                        West Ham     '}
2021-02-06 10:14:48 [scrapy] DEBUG: Scraped from <200 https://www.zebet.fr/fr/competition/94-premier_league>
{'site': 'zebet', 'cote': '\n        1,58    ', 'cote2': '\n        5,70    ', 'cote3': '\n        4,30    ', 'equipe1': '\n                        Manchester United     ', 'equipe2': '\n                        Everton     '}
2021-02-06 10:14:48 [scrapy] DEBUG: Scraped from <200 https://www.zebet.fr/fr/competition/94-premier_league>
{'site': 'zebet', 'cote': '\n        1,50    ', 'cote2': '\n        6,75    ', 'cote3': '\n        4,60    ', 'equipe1': '\n                        Tottenham     ', 'equipe2': '\n                        West Bromwich Albion     '}
2021-02-06 10:14:48 [scrapy] DEBUG: Scraped from <200 https://www.zebet.fr/fr/competition/94-premier_league>
{'site': 'zebet', 'cote': '\n        3,50    ', 'cote2': '\n        2,17    ', 'cote3': '\n        3,40    ', 'equipe1': '\n                        Wolverhampton     ', 'equipe2': '\n                        Leicester     '}
2021-02-06 10:14:48 [scrapy] DEBUG: Scraped from <200 https://www.zebet.fr/fr/competition/94-premier_league>
{'site': 'zebet', 'cote': '\n        3,45    ', 'cote2': '\n        2,10    ', 'cote3': '\n        3,70    ', 'equipe1': '\n                        Liverpool     ', 'equipe2': '\n                        Manchester City     '}
2021-02-06 10:14:48 [scrapy] DEBUG: Scraped from <200 https://www.zebet.fr/fr/competition/94-premier_league>
{'site': 'zebet', 'cote': '\n        7,00    ', 'cote2': '\n        1,48    ', 'cote3': '\n        4,50    ', 'equipe1': '\n                        Sheffield United     ', 'equipe2': '\n                        Chelsea     '}
2021-02-06 10:14:48 [scrapy] DEBUG: Scraped from <200 https://www.zebet.fr/fr/competition/94-premier_league>
{'site': 'zebet', 'cote': '\n        1,81    ', 'cote2': '\n        4,10    ', 'cote3': '\n        3,90    ', 'equipe1': '\n                        Leeds United     ', 'equipe2': '\n                        Crystal Palace     '}
2021-02-06 10:14:48 [scrapy] DEBUG: Scraped from <200 https://www.zebet.fr/fr/competition/94-premier_league>
{'site': 'zebet', 'cote': '\n        3,30    ', 'cote2': '\n        2,07    ', 'cote3': '\n        3,35    ', 'equipe1': '\n                        Leicester     ', 'equipe2': '\n                        Liverpool     '}
2021-02-06 10:14:48 [scrapy] DEBUG: Scraped from <200 https://www.zebet.fr/fr/competition/94-premier_league>
{'site': 'zebet', 'cote': '\n        2,20    ', 'cote2': '\n        3,15    ', 'cote3': '\n        3,15    ', 'equipe1': '\n                        Crystal Palace     ', 'equipe2': '\n                        Burnley FC     '}
2021-02-06 10:14:48 [scrapy] DEBUG: Scraped from <200 https://www.zebet.fr/fr/competition/94-premier_league>
{'site': 'zebet', 'cote': '\n        1,31    ', 'cote2': '\n        7,75    ', 'cote3': '\n        5,10    ', 'equipe1': '\n                        Manchester City     ', 'equipe2': '\n                        Tottenham     '}
2021-02-06 10:14:48 [scrapy] DEBUG: Scraped from <200 https://www.zebet.fr/fr/competition/94-premier_league>
{'site': 'zebet', 'cote': '\n        2,42    ', 'cote2': '\n        2,70    ', 'cote3': '\n        3,30    ', 'equipe1': '\n                        Brighton     ', 'equipe2': '\n                        Aston Villa     '}
2021-02-06 10:14:48 [scrapy] DEBUG: Scraped from <200 https://www.zebet.fr/fr/competition/94-premier_league>
{'site': 'zebet', 'cote': '\n        2,22    ', 'cote2': '\n        3,05    ', 'cote3': '\n        3,20    ', 'equipe1': '\n                        Southampton     ', 'equipe2': '\n                        Wolverhampton     '}
2021-02-06 10:14:48 [scrapy] DEBUG: Scraped from <200 https://www.zebet.fr/fr/competition/94-premier_league>
{'site': 'zebet', 'cote': '\n        8,00    ', 'cote2': '\n        1,30    ', 'cote3': '\n        5,20    ', 'equipe1': '\n                        West Bromwich Albion     ', 'equipe2': '\n                        Manchester United     '}
2021-02-06 10:14:48 [scrapy] DEBUG: Scraped from <200 https://www.zebet.fr/fr/competition/94-premier_league>
{'site': 'zebet', 'cote': '\n        1,70    ', 'cote2': '\n        4,20    ', 'cote3': '\n        3,90    ', 'equipe1': '\n                        Arsenal     ', 'equipe2': '\n                        Leeds United     '}
2021-02-06 10:14:48 [scrapy] DEBUG: Scraped from <200 https://www.zebet.fr/fr/competition/94-premier_league>
{'site': 'zebet', 'cote': '\n        1,65    ', 'cote2': '\n        4,70    ', 'cote3': '\n        3,75    ', 'equipe1': '\n                        Everton     ', 'equipe2': '\n                        Fulham     '}
2021-02-06 10:14:48 [scrapy] DEBUG: Scraped from <200 https://www.zebet.fr/fr/competition/94-premier_league>
{'site': 'zebet', 'cote': '\n        1,63    ', 'cote2': '\n        4,80    ', 'cote3': '\n        3,70    ', 'equipe1': '\n                        West Ham     ', 'equipe2': '\n                        Sheffield United     '}
2021-02-06 10:14:48 [scrapy] DEBUG: Scraped from <200 https://www.zebet.fr/fr/competition/94-premier_league>
{'site': 'zebet', 'cote': '\n        1,27    ', 'cote2': '\n        8,75    ', 'cote3': '\n        5,50    ', 'equipe1': '\n                        Chelsea     ', 'equipe2': '\n                        Newcastle     '}
2021-02-06 10:14:48 [scrapy] INFO: Closing spider (finished)
2021-02-06 10:14:48 [scrapy] INFO: Dumping Scrapy stats:
{'downloader/request_bytes': 900,
 'downloader/request_count': 3,
 'downloader/request_method_count/GET': 3,
 'downloader/response_bytes': 53658,
 'downloader/response_count': 3,
 'downloader/response_status_count/200': 2,
 'downloader/response_status_count/302': 1,
 'elapsed_time_seconds': 1.137896,
 'finish_reason': 'finished',
 'finish_time': datetime.datetime(2021, 2, 6, 10, 14, 48, 940742),
 'item_scraped_count': 20,
 'log_count/DEBUG': 155,
 'log_count/INFO': 7,
 'memusage/max': 65515520,
 'memusage/startup': 65515520,
 'response_received_count': 2,
 'robotstxt/request_count': 1,
 'robotstxt/response_count': 1,
 'robotstxt/response_status_count/200': 1,
 'scheduler/dequeued': 1,
 'scheduler/dequeued/memory': 1,
 'scheduler/enqueued': 1,
 'scheduler/enqueued/memory': 1,
 'start_time': datetime.datetime(2021, 2, 6, 10, 14, 47, 802846)}
2021-02-06 10:14:48 [scrapy] INFO: Spider closed (finished)
