2021-02-06 18:11:28 [scrapy] DEBUG: Redirecting (302) to <GET https://www.zebet.fr/en> from <GET https://www.zebet.fr/robots.txt>
2021-02-06 18:11:28 [scrapy] DEBUG: Crawled (200) <GET https://www.zebet.fr/en> (referer: None)
2021-02-06 18:11:29 [scrapy] DEBUG: Crawled (200) <GET https://www.zebet.fr/fr/competition/94-premier_league> (referer: None)
2021-02-06 18:11:29 [scrapy] ERROR: Spider error processing <GET https://www.zebet.fr/fr/competition/94-premier_league> (referer: None)
Traceback (most recent call last):
  File "/usr/local/lib/python3.6/dist-packages/scrapy/utils/defer.py", line 120, in iter_errback
    yield next(it)
  File "/usr/local/lib/python3.6/dist-packages/scrapy/utils/python.py", line 353, in __next__
    return next(self.data)
  File "/usr/local/lib/python3.6/dist-packages/scrapy/utils/python.py", line 353, in __next__
    return next(self.data)
  File "/usr/local/lib/python3.6/dist-packages/scrapy/core/spidermw.py", line 62, in _evaluate_iterable
    for r in iterable:
  File "/usr/local/lib/python3.6/dist-packages/scrapy/spidermiddlewares/offsite.py", line 29, in process_spider_output
    for x in result:
  File "/usr/local/lib/python3.6/dist-packages/scrapy/core/spidermw.py", line 62, in _evaluate_iterable
    for r in iterable:
  File "/usr/local/lib/python3.6/dist-packages/scrapy/spidermiddlewares/referer.py", line 340, in <genexpr>
    return (_set_referer(r) for r in result or ())
  File "/usr/local/lib/python3.6/dist-packages/scrapy/core/spidermw.py", line 62, in _evaluate_iterable
    for r in iterable:
  File "/usr/local/lib/python3.6/dist-packages/scrapy/spidermiddlewares/urllength.py", line 37, in <genexpr>
    return (r for r in result or () if _filter(r))
  File "/usr/local/lib/python3.6/dist-packages/scrapy/core/spidermw.py", line 62, in _evaluate_iterable
    for r in iterable:
  File "/usr/local/lib/python3.6/dist-packages/scrapy/spidermiddlewares/depth.py", line 58, in <genexpr>
    return (r for r in result or () if _filter(r))
  File "/usr/local/lib/python3.6/dist-packages/scrapy/core/spidermw.py", line 62, in _evaluate_iterable
    for r in iterable:
  File "/scrapyrt/project/Scraper/spiders/zebet.py", line 26, in parse
    if (date_match.equals("Auj")):
AttributeError: 'NoneType' object has no attribute 'equals'
2021-02-06 18:11:29 [scrapy] INFO: Closing spider (finished)
2021-02-06 18:11:29 [scrapy] INFO: Dumping Scrapy stats:
{'downloader/request_bytes': 900,
 'downloader/request_count': 3,
 'downloader/request_method_count/GET': 3,
 'downloader/response_bytes': 57411,
 'downloader/response_count': 3,
 'downloader/response_status_count/200': 2,
 'downloader/response_status_count/302': 1,
 'elapsed_time_seconds': 0.632693,
 'finish_reason': 'finished',
 'finish_time': datetime.datetime(2021, 2, 6, 18, 11, 29, 365504),
 'log_count/DEBUG': 136,
 'log_count/ERROR': 1,
 'log_count/INFO': 7,
 'memusage/max': 69357568,
 'memusage/startup': 69357568,
 'response_received_count': 2,
 'robotstxt/request_count': 1,
 'robotstxt/response_count': 1,
 'robotstxt/response_status_count/200': 1,
 'scheduler/dequeued': 1,
 'scheduler/dequeued/memory': 1,
 'scheduler/enqueued': 1,
 'scheduler/enqueued/memory': 1,
 'spider_exceptions/AttributeError': 1,
 'start_time': datetime.datetime(2021, 2, 6, 18, 11, 28, 732811)}
2021-02-06 18:11:29 [scrapy] INFO: Spider closed (finished)
