2021-02-06 20:14:33 [scrapy] DEBUG: Redirecting (302) to <GET https://www.zebet.fr/en> from <GET https://www.zebet.fr/robots.txt>
2021-02-06 20:14:33 [scrapy] DEBUG: Crawled (200) <GET https://www.zebet.fr/en> (referer: None)
2021-02-06 20:14:33 [scrapy] DEBUG: Crawled (200) <GET https://www.zebet.fr/fr/competition/94-premier_league> (referer: None)
2021-02-06 20:14:34 [scrapy] DEBUG: Scraped from <200 https://www.zebet.fr/fr/competition/94-premier_league>
{'championnat': 'première league',
 'cote': '\n        1,51    ',
 'cote2': '\n        6,75    ',
 'cote3': '\n        4,50    ',
 'date_jour': '02-06-2021',
 'date_match': '\n            07/02            13:00        ',
 'equipe1': '\n                        Tottenham     ',
 'equipe2': '\n                        West Bromwich Albion     ',
 'site': 'zebet'}
2021-02-06 20:14:34 [scrapy] DEBUG: Scraped from <200 https://www.zebet.fr/fr/competition/94-premier_league>
{'championnat': 'première league',
 'cote': '\n        3,55    ',
 'cote2': '\n        2,15    ',
 'cote3': '\n        3,35    ',
 'date_jour': '02-06-2021',
 'date_match': '\n            07/02            15:00        ',
 'equipe1': '\n                        Wolverhampton     ',
 'equipe2': '\n                        Leicester     ',
 'site': 'zebet'}
2021-02-06 20:14:34 [scrapy] DEBUG: Scraped from <200 https://www.zebet.fr/fr/competition/94-premier_league>
{'championnat': 'première league',
 'cote': '\n        3,55    ',
 'cote2': '\n        2,10    ',
 'cote3': '\n        3,60    ',
 'date_jour': '02-06-2021',
 'date_match': '\n            07/02            17:30        ',
 'equipe1': '\n                        Liverpool     ',
 'equipe2': '\n                        Manchester City     ',
 'site': 'zebet'}
2021-02-06 20:14:34 [scrapy] DEBUG: Scraped from <200 https://www.zebet.fr/fr/competition/94-premier_league>
{'championnat': 'première league',
 'cote': '\n        7,00    ',
 'cote2': '\n        1,48    ',
 'cote3': '\n        4,50    ',
 'date_jour': '02-06-2021',
 'date_match': '\n            07/02            20:15        ',
 'equipe1': '\n                        Sheffield United     ',
 'equipe2': '\n                        Chelsea     ',
 'site': 'zebet'}
2021-02-06 20:14:34 [scrapy] DEBUG: Scraped from <200 https://www.zebet.fr/fr/competition/94-premier_league>
{'championnat': 'première league',
 'cote': '\n        1,82    ',
 'cote2': '\n        4,10    ',
 'cote3': '\n        3,90    ',
 'date_jour': '02-06-2021',
 'date_match': '\n            08/02            21:00        ',
 'equipe1': '\n                        Leeds United     ',
 'equipe2': '\n                        Crystal Palace     ',
 'site': 'zebet'}
2021-02-06 20:14:34 [scrapy] DEBUG: Scraped from <200 https://www.zebet.fr/fr/competition/94-premier_league>
{'championnat': 'première league',
 'cote': '\n        3,30    ',
 'cote2': '\n        2,07    ',
 'cote3': '\n        3,35    ',
 'date_jour': '02-06-2021',
 'date_match': '\n            13/02            13:30        ',
 'equipe1': '\n                        Leicester     ',
 'equipe2': '\n                        Liverpool     ',
 'site': 'zebet'}
2021-02-06 20:14:34 [scrapy] DEBUG: Scraped from <200 https://www.zebet.fr/fr/competition/94-premier_league>
{'championnat': 'première league',
 'cote': '\n        2,20    ',
 'cote2': '\n        3,15    ',
 'cote3': '\n        3,15    ',
 'date_jour': '02-06-2021',
 'date_match': '\n            13/02            16:00        ',
 'equipe1': '\n                        Crystal Palace     ',
 'equipe2': '\n                        Burnley FC     ',
 'site': 'zebet'}
2021-02-06 20:14:34 [scrapy] DEBUG: Scraped from <200 https://www.zebet.fr/fr/competition/94-premier_league>
{'championnat': 'première league',
 'cote': '\n        1,29    ',
 'cote2': '\n        8,25    ',
 'cote3': '\n        5,20    ',
 'date_jour': '02-06-2021',
 'date_match': '\n            13/02            18:30        ',
 'equipe1': '\n                        Manchester City     ',
 'equipe2': '\n                        Tottenham     ',
 'site': 'zebet'}
2021-02-06 20:14:34 [scrapy] DEBUG: Scraped from <200 https://www.zebet.fr/fr/competition/94-premier_league>
{'championnat': 'première league',
 'cote': '\n        2,57    ',
 'cote2': '\n        2,50    ',
 'cote3': '\n        3,35    ',
 'date_jour': '02-06-2021',
 'date_match': '\n            13/02            21:00        ',
 'equipe1': '\n                        Brighton     ',
 'equipe2': '\n                        Aston Villa     ',
 'site': 'zebet'}
2021-02-06 20:14:34 [scrapy] DEBUG: Scraped from <200 https://www.zebet.fr/fr/competition/94-premier_league>
{'championnat': 'première league',
 'cote': '\n        2,37    ',
 'cote2': '\n        2,85    ',
 'cote3': '\n        3,15    ',
 'date_jour': '02-06-2021',
 'date_match': '\n            14/02            13:00        ',
 'equipe1': '\n                        Southampton     ',
 'equipe2': '\n                        Wolverhampton     ',
 'site': 'zebet'}
2021-02-06 20:14:34 [scrapy] DEBUG: Scraped from <200 https://www.zebet.fr/fr/competition/94-premier_league>
{'championnat': 'première league',
 'cote': '\n        8,00    ',
 'cote2': '\n        1,30    ',
 'cote3': '\n        5,20    ',
 'date_jour': '02-06-2021',
 'date_match': '\n            14/02            15:00        ',
 'equipe1': '\n                        West Bromwich Albion     ',
 'equipe2': '\n                        Manchester United     ',
 'site': 'zebet'}
2021-02-06 20:14:34 [scrapy] DEBUG: Scraped from <200 https://www.zebet.fr/fr/competition/94-premier_league>
{'championnat': 'première league',
 'cote': '\n        1,73    ',
 'cote2': '\n        4,00    ',
 'cote3': '\n        3,85    ',
 'date_jour': '02-06-2021',
 'date_match': '\n            14/02            17:30        ',
 'equipe1': '\n                        Arsenal     ',
 'equipe2': '\n                        Leeds United     ',
 'site': 'zebet'}
2021-02-06 20:14:34 [scrapy] DEBUG: Scraped from <200 https://www.zebet.fr/fr/competition/94-premier_league>
{'championnat': 'première league',
 'cote': '\n        1,68    ',
 'cote2': '\n        4,50    ',
 'cote3': '\n        3,70    ',
 'date_jour': '02-06-2021',
 'date_match': '\n            14/02            20:00        ',
 'equipe1': '\n                        Everton     ',
 'equipe2': '\n                        Fulham     ',
 'site': 'zebet'}
2021-02-06 20:14:34 [scrapy] DEBUG: Scraped from <200 https://www.zebet.fr/fr/competition/94-premier_league>
{'championnat': 'première league',
 'cote': '\n        1,80    ',
 'cote2': '\n        4,20    ',
 'cote3': '\n        3,40    ',
 'date_jour': '02-06-2021',
 'date_match': '\n            15/02            19:00        ',
 'equipe1': '\n                        West Ham     ',
 'equipe2': '\n                        Sheffield United     ',
 'site': 'zebet'}
2021-02-06 20:14:34 [scrapy] DEBUG: Scraped from <200 https://www.zebet.fr/fr/competition/94-premier_league>
{'championnat': 'première league',
 'cote': '\n        1,23    ',
 'cote2': '\n        9,75    ',
 'cote3': '\n        5,80    ',
 'date_jour': '02-06-2021',
 'date_match': '\n            15/02            21:00        ',
 'equipe1': '\n                        Chelsea     ',
 'equipe2': '\n                        Newcastle     ',
 'site': 'zebet'}
2021-02-06 20:14:34 [scrapy] INFO: Closing spider (finished)
2021-02-06 20:14:34 [scrapy] INFO: Dumping Scrapy stats:
{'downloader/request_bytes': 900,
 'downloader/request_count': 3,
 'downloader/request_method_count/GET': 3,
 'downloader/response_bytes': 64543,
 'downloader/response_count': 3,
 'downloader/response_status_count/200': 2,
 'downloader/response_status_count/302': 1,
 'elapsed_time_seconds': 0.44214,
 'finish_reason': 'finished',
 'finish_time': datetime.datetime(2021, 2, 6, 20, 14, 34, 114079),
 'item_scraped_count': 15,
 'log_count/DEBUG': 152,
 'log_count/INFO': 7,
 'memusage/max': 69554176,
 'memusage/startup': 69554176,
 'response_received_count': 2,
 'robotstxt/request_count': 1,
 'robotstxt/response_count': 1,
 'robotstxt/response_status_count/200': 1,
 'scheduler/dequeued': 1,
 'scheduler/dequeued/memory': 1,
 'scheduler/enqueued': 1,
 'scheduler/enqueued/memory': 1,
 'start_time': datetime.datetime(2021, 2, 6, 20, 14, 33, 671939)}
2021-02-06 20:14:34 [scrapy] INFO: Spider closed (finished)
